<?xml version="1.0" encoding="UTF-8"?>
<testsuite name="com.virtuslab.internship.discount.TenPercentDiscountTest" tests="2" skipped="0" failures="0" errors="0" timestamp="2022-04-15T21:05:55" hostname="DESKTOP-TBHGTTU" time="0.002">
  <properties/>
  <testcase name="shouldNotApply10PercentDiscountWhenPriceIsBelow50()" classname="com.virtuslab.internship.discount.TenPercentDiscountTest" time="0.001"/>
  <testcase name="shouldApply10PercentDiscountWhenPriceIsAbove50()" classname="com.virtuslab.internship.discount.TenPercentDiscountTest" time="0.001"/>
  <system-out><![CDATA[]]></system-out>
  <system-err><![CDATA[]]></system-err>
</testsuite>
