<?xml version="1.0" encoding="UTF-8"?>
<testsuite name="com.virtuslab.internship.receipt.ReceiptGeneratorTest" tests="3" skipped="0" failures="0" errors="0" timestamp="2022-04-15T21:05:55" hostname="DESKTOP-TBHGTTU" time="0.005">
  <properties/>
  <testcase name="shouldApply15PercentAnd10PercentDiscounts()" classname="com.virtuslab.internship.receipt.ReceiptGeneratorTest" time="0.002"/>
  <testcase name="shouldApply15PercentDiscountFirst()" classname="com.virtuslab.internship.receipt.ReceiptGeneratorTest" time="0.001"/>
  <testcase name="shouldGenerateReceiptForGivenBasket()" classname="com.virtuslab.internship.receipt.ReceiptGeneratorTest" time="0.001"/>
  <system-out><![CDATA[]]></system-out>
  <system-err><![CDATA[]]></system-err>
</testsuite>
