<?xml version="1.0" encoding="UTF-8"?>
<testsuite name="com.virtuslab.internship.app.AppTest" tests="2" skipped="0" failures="0" errors="0" timestamp="2022-04-15T21:05:55" hostname="DESKTOP-TBHGTTU" time="0.658">
  <properties/>
  <testcase name="shouldReturnReceiptData()" classname="com.virtuslab.internship.app.AppTest" time="0.654"/>
  <testcase name="contextLoads()" classname="com.virtuslab.internship.app.AppTest" time="0.003"/>
  <system-out><![CDATA[23:05:52.947 [Test worker] DEBUG org.springframework.test.context.BootstrapUtils - Instantiating CacheAwareContextLoaderDelegate from class [org.springframework.test.context.cache.DefaultCacheAwareContextLoaderDelegate]
23:05:52.957 [Test worker] DEBUG org.springframework.test.context.BootstrapUtils - Instantiating BootstrapContext using constructor [public org.springframework.test.context.support.DefaultBootstrapContext(java.lang.Class,org.springframework.test.context.CacheAwareContextLoaderDelegate)]
23:05:52.999 [Test worker] DEBUG org.springframework.test.context.BootstrapUtils - Instantiating TestContextBootstrapper for test class [com.virtuslab.internship.app.AppTest] from class [org.springframework.boot.test.context.SpringBootTestContextBootstrapper]
23:05:53.011 [Test worker] INFO org.springframework.boot.test.context.SpringBootTestContextBootstrapper - Neither @ContextConfiguration nor @ContextHierarchy found for test class [com.virtuslab.internship.app.AppTest], using SpringBootContextLoader
23:05:53.015 [Test worker] DEBUG org.springframework.test.context.support.AbstractContextLoader - Did not detect default resource location for test class [com.virtuslab.internship.app.AppTest]: class path resource [com/virtuslab/internship/app/AppTest-context.xml] does not exist
23:05:53.015 [Test worker] DEBUG org.springframework.test.context.support.AbstractContextLoader - Did not detect default resource location for test class [com.virtuslab.internship.app.AppTest]: class path resource [com/virtuslab/internship/app/AppTestContext.groovy] does not exist
23:05:53.016 [Test worker] INFO org.springframework.test.context.support.AbstractContextLoader - Could not detect default resource locations for test class [com.virtuslab.internship.app.AppTest]: no resource found for suffixes {-context.xml, Context.groovy}.
23:05:53.016 [Test worker] INFO org.springframework.test.context.support.AnnotationConfigContextLoaderUtils - Could not detect default configuration classes for test class [com.virtuslab.internship.app.AppTest]: AppTest does not declare any static, non-private, non-final, nested classes annotated with @Configuration.
23:05:53.083 [Test worker] DEBUG org.springframework.test.context.support.ActiveProfilesUtils - Could not find an 'annotation declaring class' for annotation type [org.springframework.test.context.ActiveProfiles] and class [com.virtuslab.internship.app.AppTest]
23:05:53.139 [Test worker] DEBUG org.springframework.context.annotation.ClassPathScanningCandidateComponentProvider - Identified candidate component class: file [C:\Users\edyta\virtuslab\final\vl-internship-master\build\classes\java\main\com\virtuslab\internship\app\Application.class]
23:05:53.151 [Test worker] INFO org.springframework.boot.test.context.SpringBootTestContextBootstrapper - Found @SpringBootConfiguration com.virtuslab.internship.app.Application for test class com.virtuslab.internship.app.AppTest
23:05:53.248 [Test worker] DEBUG org.springframework.boot.test.context.SpringBootTestContextBootstrapper - @TestExecutionListeners is not present for class [com.virtuslab.internship.app.AppTest]: using defaults.
23:05:53.249 [Test worker] INFO org.springframework.boot.test.context.SpringBootTestContextBootstrapper - Loaded default TestExecutionListener class names from location [META-INF/spring.factories]: [org.springframework.boot.test.autoconfigure.restdocs.RestDocsTestExecutionListener, org.springframework.boot.test.autoconfigure.web.client.MockRestServiceServerResetTestExecutionListener, org.springframework.boot.test.autoconfigure.web.servlet.MockMvcPrintOnlyOnFailureTestExecutionListener, org.springframework.boot.test.autoconfigure.web.servlet.WebDriverTestExecutionListener, org.springframework.boot.test.autoconfigure.webservices.client.MockWebServiceServerTestExecutionListener, org.springframework.boot.test.mock.mockito.MockitoTestExecutionListener, org.springframework.boot.test.mock.mockito.ResetMocksTestExecutionListener, org.springframework.test.context.web.ServletTestExecutionListener, org.springframework.test.context.support.DirtiesContextBeforeModesTestExecutionListener, org.springframework.test.context.event.ApplicationEventsTestExecutionListener, org.springframework.test.context.support.DependencyInjectionTestExecutionListener, org.springframework.test.context.support.DirtiesContextTestExecutionListener, org.springframework.test.context.transaction.TransactionalTestExecutionListener, org.springframework.test.context.jdbc.SqlScriptsTestExecutionListener, org.springframework.test.context.event.EventPublishingTestExecutionListener]
23:05:53.262 [Test worker] DEBUG org.springframework.boot.test.context.SpringBootTestContextBootstrapper - Skipping candidate TestExecutionListener [org.springframework.test.context.transaction.TransactionalTestExecutionListener] due to a missing dependency. Specify custom listener classes or make the default listener classes and their required dependencies available. Offending class: [org/springframework/transaction/interceptor/TransactionAttributeSource]
23:05:53.263 [Test worker] DEBUG org.springframework.boot.test.context.SpringBootTestContextBootstrapper - Skipping candidate TestExecutionListener [org.springframework.test.context.jdbc.SqlScriptsTestExecutionListener] due to a missing dependency. Specify custom listener classes or make the default listener classes and their required dependencies available. Offending class: [org/springframework/transaction/interceptor/TransactionAttribute]
23:05:53.263 [Test worker] INFO org.springframework.boot.test.context.SpringBootTestContextBootstrapper - Using TestExecutionListeners: [org.springframework.test.context.web.ServletTestExecutionListener@b40bb6e, org.springframework.test.context.support.DirtiesContextBeforeModesTestExecutionListener@3a94964, org.springframework.test.context.event.ApplicationEventsTestExecutionListener@5049d8b2, org.springframework.boot.test.mock.mockito.MockitoTestExecutionListener@6d0b5baf, org.springframework.boot.test.autoconfigure.SpringBootDependencyInjectionTestExecutionListener@631e06ab, org.springframework.test.context.support.DirtiesContextTestExecutionListener@2a3591c5, org.springframework.test.context.event.EventPublishingTestExecutionListener@34a75079, org.springframework.boot.test.autoconfigure.restdocs.RestDocsTestExecutionListener@346a361, org.springframework.boot.test.autoconfigure.web.client.MockRestServiceServerResetTestExecutionListener@107ed6fc, org.springframework.boot.test.autoconfigure.web.servlet.MockMvcPrintOnlyOnFailureTestExecutionListener@1643d68f, org.springframework.boot.test.autoconfigure.web.servlet.WebDriverTestExecutionListener@186978a6, org.springframework.boot.test.autoconfigure.webservices.client.MockWebServiceServerTestExecutionListener@2e029d61, org.springframework.boot.test.mock.mockito.ResetMocksTestExecutionListener@482d776b]
23:05:53.268 [Test worker] DEBUG org.springframework.test.context.support.AbstractDirtiesContextTestExecutionListener - Before test class: context [DefaultTestContext@7813cb11 testClass = AppTest, testInstance = [null], testMethod = [null], testException = [null], mergedContextConfiguration = [WebMergedContextConfiguration@bcec031 testClass = AppTest, locations = '{}', classes = '{class com.virtuslab.internship.app.Application}', contextInitializerClasses = '[]', activeProfiles = '{}', propertySourceLocations = '{}', propertySourceProperties = '{org.springframework.boot.test.context.SpringBootTestContextBootstrapper=true}', contextCustomizers = set[org.springframework.boot.test.autoconfigure.actuate.metrics.MetricsExportContextCustomizerFactory$DisableMetricExportContextCustomizer@3fc9504b, org.springframework.boot.test.autoconfigure.properties.PropertyMappingContextCustomizer@4b3fa0b3, org.springframework.boot.test.autoconfigure.web.servlet.WebDriverContextCustomizerFactory$Customizer@6ed3f258, [ImportsContextCustomizer@21005f6c key = [org.springframework.boot.test.autoconfigure.web.servlet.MockMvcAutoConfiguration, org.springframework.boot.test.autoconfigure.web.servlet.MockMvcWebClientAutoConfiguration, org.springframework.boot.test.autoconfigure.web.servlet.MockMvcWebDriverAutoConfiguration, org.springframework.boot.autoconfigure.security.oauth2.client.servlet.OAuth2ClientAutoConfiguration, org.springframework.boot.autoconfigure.security.oauth2.resource.servlet.OAuth2ResourceServerAutoConfiguration, org.springframework.boot.autoconfigure.security.servlet.SecurityAutoConfiguration, org.springframework.boot.autoconfigure.security.servlet.SecurityFilterAutoConfiguration, org.springframework.boot.autoconfigure.security.servlet.UserDetailsServiceAutoConfiguration, org.springframework.boot.test.autoconfigure.web.servlet.MockMvcSecurityConfiguration, org.springframework.boot.test.autoconfigure.web.reactive.WebTestClientAutoConfiguration]], org.springframework.boot.test.context.filter.ExcludeFilterContextCustomizer@4f25b795, org.springframework.boot.test.json.DuplicateJsonObjectContextCustomizerFactory$DuplicateJsonObjectContextCustomizer@16414e40, org.springframework.boot.test.mock.mockito.MockitoContextCustomizer@0, org.springframework.boot.test.web.client.TestRestTemplateContextCustomizer@3a12c404, org.springframework.boot.test.context.SpringBootTestArgs@1, org.springframework.boot.test.context.SpringBootTestWebEnvironment@41fecb8b], resourceBasePath = 'src/main/webapp', contextLoader = 'org.springframework.boot.test.context.SpringBootContextLoader', parent = [null]], attributes = map['org.springframework.test.context.web.ServletTestExecutionListener.activateListener' -> true]], class annotated with @DirtiesContext [false] with mode [null].

  .   ____          _            __ _ _
 /\\ / ___'_ __ _ _(_)_ __  __ _ \ \ \ \
( ( )\___ | '_ | '_| | '_ \/ _` | \ \ \ \
 \\/  ___)| |_)| | | | | || (_| |  ) ) ) )
  '  |____| .__|_| |_|_| |_\__, | / / / /
 =========|_|==============|___/=/_/_/_/
 :: Spring Boot ::                (v2.6.6)

2022-04-15 23:05:53.598  INFO 17156 --- [    Test worker] com.virtuslab.internship.app.AppTest     : Starting AppTest using Java 17.0.1 on DESKTOP-TBHGTTU with PID 17156 (started by edyta in C:\Users\edyta\virtuslab\final\vl-internship-master)
2022-04-15 23:05:53.600  INFO 17156 --- [    Test worker] com.virtuslab.internship.app.AppTest     : No active profile set, falling back to 1 default profile: "default"
2022-04-15 23:05:55.156  INFO 17156 --- [    Test worker] o.s.b.t.m.w.SpringBootMockServletContext : Initializing Spring TestDispatcherServlet ''
2022-04-15 23:05:55.156  INFO 17156 --- [    Test worker] o.s.t.web.servlet.TestDispatcherServlet  : Initializing Servlet ''
2022-04-15 23:05:55.157  INFO 17156 --- [    Test worker] o.s.t.web.servlet.TestDispatcherServlet  : Completed initialization in 1 ms
2022-04-15 23:05:55.181  INFO 17156 --- [    Test worker] com.virtuslab.internship.app.AppTest     : Started AppTest in 1.873 seconds (JVM running for 3.111)
]]></system-out>
  <system-err><![CDATA[]]></system-err>
</testsuite>
